{
"C:\\Users\\Vickie\\Documents\\WebDev\\Andela21\\inverted-index-api\\dist\\inverted-index.js":{"path":"C:\\Users\\Vickie\\Documents\\WebDev\\Andela21\\inverted-index-api\\dist\\inverted-index.js","s":{"1":1,"2":1,"3":1,"4":0,"5":0,"6":0,"7":0,"8":0,"9":0,"10":0,"11":0,"12":0,"13":0,"14":0,"15":0,"16":0,"17":0,"18":0,"19":0,"20":0,"21":1,"22":37,"23":37,"24":0,"25":0,"26":0,"27":1,"28":1,"29":2,"30":7,"31":7,"32":7,"33":7,"34":7,"35":7,"36":1,"37":1,"38":1,"39":1,"40":1,"41":1,"42":1,"43":1,"44":1,"45":1,"46":1,"47":1,"48":2,"49":1,"50":6,"51":0,"52":6,"53":6,"54":1,"55":14,"56":1,"57":16,"58":0,"59":1,"60":1,"61":1,"62":1,"63":1,"64":9,"65":9,"66":9,"67":9,"68":9,"69":9,"70":1,"71":7,"72":7,"73":7,"74":43,"75":105,"76":7,"77":7,"78":7,"79":7,"80":7,"81":29,"82":7,"84":22,"85":22,"86":22,"87":22,"88":22,"89":19,"90":19,"91":19,"93":3,"94":3,"95":3,"96":22,"97":22,"99":7,"101":0,"102":0,"103":0,"104":0,"105":7,"106":7,"107":7,"108":0,"109":7,"110":7,"111":7,"113":0,"114":7,"115":7,"116":7,"117":0,"118":0,"119":0,"120":0,"121":0,"122":0,"123":0,"124":0,"125":0,"126":0,"127":0,"128":0,"129":0,"130":0,"131":0,"133":0,"134":0,"135":0,"136":0,"137":0,"138":0,"140":0,"141":0,"142":0,"143":0,"144":0,"146":0,"148":0,"149":0,"150":0,"151":0,"152":0,"153":0,"154":0,"155":0,"156":0,"157":0,"158":0,"160":0,"161":0,"162":0,"163":0,"164":6,"165":6,"166":6,"167":6,"168":6,"169":6,"170":6,"171":18,"172":18,"173":14,"174":14,"175":14,"176":14,"177":14,"178":14,"179":14,"180":27,"181":27,"182":27,"183":27,"184":27,"185":27,"186":27,"187":27,"188":469,"189":219,"190":250,"191":14,"192":27,"194":0,"195":0,"196":14,"197":14,"198":0,"199":14,"200":0,"201":14,"202":18,"203":0,"204":0,"205":6,"206":6,"207":0,"208":6,"209":0,"210":7,"211":5,"212":5,"213":48,"214":120,"215":3,"216":9,"217":3,"218":3,"219":3,"220":3,"221":3,"222":15,"223":3,"225":12,"226":12,"227":12,"228":12,"229":12,"230":12,"231":27,"232":12,"234":15,"235":15,"236":15,"237":15,"238":15,"240":12,"242":0,"243":0,"244":0,"245":0,"246":12,"247":12,"248":12,"249":0,"250":12,"251":12,"252":12,"254":0,"255":12,"256":12,"257":12,"258":12,"260":3,"262":0,"263":0,"264":0,"265":0,"266":3,"267":3,"268":3,"269":0,"270":3,"271":3,"272":3,"274":0,"275":3,"276":3,"277":3,"278":3,"279":3,"280":3,"281":3,"282":2,"283":2,"284":2,"285":1,"286":1,"287":1,"288":1,"289":1,"290":1,"291":1,"292":1,"293":2,"294":2,"295":2,"296":0,"297":0,"298":1,"299":1,"300":0,"301":1,"302":0,"303":3,"304":1,"305":1,"306":1,"307":1,"308":1,"309":5,"310":5,"311":5,"312":10,"313":10,"315":4,"316":4,"317":4,"318":2,"319":2,"320":1,"322":0,"323":0,"324":1,"325":1,"326":0,"327":1,"328":0,"329":1,"330":0,"331":1,"332":18,"333":18,"334":31,"335":1,"336":1,"337":18,"338":30,"339":2,"340":2,"341":18,"342":28,"343":1,"344":1,"345":18,"346":66,"347":1,"348":1,"349":1,"350":7,"351":7,"352":7,"353":1,"354":1,"355":1,"356":1,"357":1,"358":1},"f":{"1":1,"2":0,"3":37,"4":1,"5":2,"6":1,"7":2,"8":6,"9":14,"10":16,"11":1,"12":9,"13":7,"14":43,"15":0,"16":0,"17":0,"18":6,"19":14,"20":27,"21":469,"22":7,"23":48,"24":9,"25":3,"26":5,"27":10,"28":18,"29":31,"30":30,"31":28,"32":66,"33":7},"l":{"3":1,"7":37,"9":7,"12":1,"14":1,"16":1,"18":1,"20":1,"22":2,"24":6,"26":14,"28":16,"33":1,"36":1,"37":1,"39":1,"41":1,"42":9,"44":9,"45":9,"46":9,"47":9,"48":9,"51":1,"54":7,"57":7,"59":7,"60":43,"61":105,"63":7,"64":7,"65":7,"66":7,"67":7,"70":29,"71":7,"75":22,"77":22,"78":22,"79":22,"81":22,"82":19,"83":19,"89":19,"93":3,"94":3,"96":3,"99":22,"100":22,"104":7,"108":0,"109":0,"110":0,"111":0,"114":7,"115":7,"117":7,"118":0,"122":7,"124":7,"125":7,"129":0,"132":7,"135":7,"139":7,"147":0,"150":0,"152":0,"153":0,"154":0,"156":0,"158":0,"159":0,"161":0,"162":0,"163":0,"164":0,"165":0,"168":0,"169":0,"173":0,"174":0,"176":0,"177":0,"178":0,"184":0,"188":0,"189":0,"191":0,"194":0,"195":0,"199":0,"203":0,"204":0,"205":0,"206":0,"209":0,"210":0,"212":0,"213":0,"217":0,"219":0,"220":0,"224":0,"227":0,"230":0,"234":0,"242":6,"244":6,"245":6,"246":6,"247":6,"249":6,"250":6,"251":18,"253":18,"254":14,"255":14,"256":14,"257":14,"258":14,"260":14,"261":14,"262":27,"263":27,"264":27,"265":27,"267":27,"268":27,"269":27,"270":27,"271":469,"272":219,"274":250,"279":14,"280":27,"285":0,"286":0,"288":14,"289":14,"290":0,"293":14,"294":0,"299":14,"302":18,"305":0,"306":0,"308":6,"309":6,"310":0,"313":6,"314":0,"322":7,"325":5,"327":5,"328":48,"329":120,"331":3,"332":9,"334":3,"335":3,"336":3,"337":3,"338":3,"341":15,"342":3,"346":12,"347":12,"348":12,"349":12,"350":12,"351":12,"354":27,"355":12,"359":15,"360":15,"361":15,"364":15,"365":15,"369":12,"373":0,"374":0,"375":0,"376":0,"379":12,"380":12,"382":12,"383":0,"387":12,"389":12,"390":12,"394":0,"397":12,"400":12,"403":12,"404":12,"408":3,"412":0,"413":0,"414":0,"415":0,"418":3,"419":3,"421":3,"422":0,"426":3,"428":3,"429":3,"433":0,"436":3,"439":3,"443":3,"451":3,"454":3,"455":3,"456":3,"457":2,"458":2,"460":1,"461":1,"462":1,"463":1,"465":1,"466":1,"467":2,"469":2,"470":2,"474":0,"475":0,"477":1,"478":1,"479":0,"482":1,"483":0,"488":3,"489":1,"490":1,"491":1,"493":1,"494":1,"495":5,"497":5,"499":5,"500":10,"504":10,"507":4,"508":4,"510":4,"511":2,"513":2,"518":1,"522":0,"523":0,"525":1,"526":1,"527":0,"530":1,"531":0,"536":1,"537":0,"539":1,"545":18,"546":18,"547":31,"549":1,"551":1,"554":18,"555":30,"557":2,"558":2,"561":18,"562":28,"564":1,"565":1,"567":18,"572":66,"576":1,"579":1,"581":1,"582":7,"584":7,"585":7,"591":1,"593":1,"594":1,"596":1,"600":1,"601":1},"b":{"1":[0,0],"2":[0,0],"3":[0,0],"4":[0,0],"5":[0,0],"6":[37,0],"7":[0,0],"8":[7,7],"9":[7,0],"10":[1,0],"11":[1,0],"12":[0,2],"13":[2,2],"14":[0,6],"15":[12,2],"16":[0,16],"17":[7,29,19,3,22,7,0,7,7,7,7,7,7],"18":[7,22],"19":[0,7],"20":[7,0],"21":[7,0],"22":[0,0,0,0,0,0,0,0,0,0,0,0,0],"23":[0,0],"24":[0,0],"25":[0,0],"26":[0,0],"27":[14,4],"28":[219,250],"29":[0,14],"30":[14,0],"31":[0,14],"32":[0,6],"33":[6,0],"34":[0,6],"35":[3,15,27,15,12,0,12,12,12,12,12,3,0,3,3,3,3,3,3],"36":[3,12],"37":[12,15],"38":[0,12],"39":[12,0],"40":[12,0],"41":[0,3],"42":[3,0],"43":[3,0],"44":[2,1],"45":[2,0],"46":[0,1],"47":[1,0],"48":[0,1],"49":[6,4],"50":[4,0],"51":[2,2],"52":[0,1],"53":[1,0],"54":[0,1],"55":[0,1],"56":[1,17],"57":[18,18],"58":[31,1],"59":[2,16],"60":[18,17,2],"61":[1,17],"62":[18,15],"63":[28,27]},"statementMap":{"1":{"start":{"line":3,"column":0},"end":{"line":null,"column":null}},"2":{"start":{"line":7,"column":0},"end":{"line":null,"column":null}},"3":{"start":{"line":7,"column":44},"end":{"line":7,"column":429}},"4":{"start":{"line":7,"column":72},"end":{"line":7,"column":83}},"5":{"start":{"line":7,"column":83},"end":{"line":7,"column":98}},"6":{"start":{"line":7,"column":98},"end":{"line":7,"column":114}},"7":{"start":{"line":7,"column":114},"end":{"line":7,"column":134}},"8":{"start":{"line":7,"column":134},"end":{"line":7,"column":414}},"9":{"start":{"line":7,"column":145},"end":{"line":null,"column":null}},"10":{"start":{"line":7,"column":231},"end":{"line":7,"column":247}},"11":{"start":{"line":7,"column":247},"end":{"line":null,"column":null}},"12":{"start":{"line":7,"column":275},"end":{"line":null,"column":null}},"13":{"start":{"line":7,"column":305},"end":{"line":7,"column":311}},"14":{"start":{"line":7,"column":311},"end":{"line":null,"column":null}},"15":{"start":{"line":7,"column":337},"end":{"line":null,"column":null}},"16":{"start":{"line":7,"column":343},"end":{"line":null,"column":null}},"17":{"start":{"line":7,"column":364},"end":{"line":null,"column":null}},"18":{"start":{"line":7,"column":396},"end":{"line":null,"column":null}},"19":{"start":{"line":7,"column":400},"end":{"line":null,"column":null}},"20":{"start":{"line":7,"column":414},"end":{"line":null,"column":null}},"21":{"start":{"line":7,"column":429},"end":{"line":null,"column":null}},"22":{"start":{"line":7,"column":460},"end":{"line":null,"column":null}},"23":{"start":{"line":7,"column":489},"end":{"line":null,"column":null}},"24":{"start":{"line":7,"column":501},"end":{"line":null,"column":null}},"25":{"start":{"line":7,"column":546},"end":{"line":null,"column":null}},"26":{"start":{"line":7,"column":584},"end":{"line":null,"column":null}},"27":{"start":{"line":9,"column":0},"end":{"line":null,"column":null}},"28":{"start":{"line":9,"column":42},"end":{"line":9,"column":350}},"29":{"start":{"line":9,"column":81},"end":{"line":null,"column":null}},"30":{"start":{"line":9,"column":121},"end":{"line":9,"column":144}},"31":{"start":{"line":9,"column":144},"end":{"line":9,"column":200}},"32":{"start":{"line":9,"column":200},"end":{"line":9,"column":232}},"33":{"start":{"line":9,"column":232},"end":{"line":9,"column":287}},"34":{"start":{"line":9,"column":259},"end":{"line":9,"column":287}},"35":{"start":{"line":9,"column":287},"end":{"line":null,"column":null}},"36":{"start":{"line":9,"column":350},"end":{"line":null,"column":null}},"37":{"start":{"line":9,"column":411},"end":{"line":9,"column":476}},"38":{"start":{"line":9,"column":423},"end":{"line":9,"column":476}},"39":{"start":{"line":9,"column":476},"end":{"line":9,"column":537}},"40":{"start":{"line":9,"column":493},"end":{"line":9,"column":537}},"41":{"start":{"line":9,"column":537},"end":{"line":null,"column":null}},"42":{"start":{"line":12,"column":0},"end":{"line":null,"column":null}},"43":{"start":{"line":14,"column":0},"end":{"line":null,"column":null}},"44":{"start":{"line":16,"column":0},"end":{"line":null,"column":null}},"45":{"start":{"line":18,"column":0},"end":{"line":null,"column":null}},"46":{"start":{"line":20,"column":0},"end":{"line":null,"column":null}},"47":{"start":{"line":22,"column":0},"end":{"line":null,"column":null}},"48":{"start":{"line":22,"column":46},"end":{"line":null,"column":null}},"49":{"start":{"line":24,"column":0},"end":{"line":null,"column":null}},"50":{"start":{"line":24,"column":48},"end":{"line":24,"column":196}},"51":{"start":{"line":24,"column":69},"end":{"line":null,"column":null}},"52":{"start":{"line":24,"column":180},"end":{"line":null,"column":null}},"53":{"start":{"line":24,"column":196},"end":{"line":null,"column":null}},"54":{"start":{"line":26,"column":0},"end":{"line":null,"column":null}},"55":{"start":{"line":26,"column":32},"end":{"line":null,"column":null}},"56":{"start":{"line":28,"column":0},"end":{"line":null,"column":null}},"57":{"start":{"line":28,"column":54},"end":{"line":null,"column":null}},"58":{"start":{"line":28,"column":98},"end":{"line":null,"column":null}},"59":{"start":{"line":33,"column":0},"end":{"line":null,"column":null}},"60":{"start":{"line":36,"column":0},"end":{"line":null,"column":null}},"61":{"start":{"line":37,"column":0},"end":{"line":null,"column":null}},"62":{"start":{"line":39,"column":0},"end":{"line":null,"column":null}},"63":{"start":{"line":41,"column":11},"end":{"line":null,"column":null}},"64":{"start":{"line":42,"column":20},"end":{"line":null,"column":null}},"65":{"start":{"line":44,"column":9},"end":{"line":null,"column":null}},"66":{"start":{"line":45,"column":9},"end":{"line":null,"column":null}},"67":{"start":{"line":46,"column":9},"end":{"line":null,"column":null}},"68":{"start":{"line":47,"column":9},"end":{"line":null,"column":null}},"69":{"start":{"line":48,"column":9},"end":{"line":null,"column":null}},"70":{"start":{"line":51,"column":15},"end":{"line":null,"column":null}},"71":{"start":{"line":54,"column":10},"end":{"line":null,"column":null}},"72":{"start":{"line":57,"column":10},"end":{"line":null,"column":null}},"73":{"start":{"line":59,"column":13},"end":{"line":null,"column":null}},"74":{"start":{"line":60,"column":15},"end":{"line":null,"column":null}},"75":{"start":{"line":61,"column":18},"end":{"line":null,"column":null}},"76":{"start":{"line":63,"column":42},"end":{"line":null,"column":null}},"77":{"start":{"line":64,"column":34},"end":{"line":null,"column":null}},"78":{"start":{"line":65,"column":31},"end":{"line":null,"column":null}},"79":{"start":{"line":66,"column":23},"end":{"line":null,"column":null}},"80":{"start":{"line":67,"column":26},"end":{"line":null,"column":null}},"81":{"start":{"line":70,"column":18},"end":{"line":null,"column":null}},"82":{"start":{"line":71,"column":25},"end":{"line":null,"column":null}},"84":{"start":{"line":75,"column":19},"end":{"line":null,"column":null}},"85":{"start":{"line":77,"column":22},"end":{"line":null,"column":null}},"86":{"start":{"line":78,"column":19},"end":{"line":null,"column":null}},"87":{"start":{"line":79,"column":23},"end":{"line":null,"column":null}},"88":{"start":{"line":81,"column":19},"end":{"line":null,"column":null}},"89":{"start":{"line":82,"column":23},"end":{"line":null,"column":null}},"90":{"start":{"line":83,"column":21},"end":{"line":null,"column":null}},"91":{"start":{"line":89,"column":23},"end":{"line":null,"column":null}},"93":{"start":{"line":93,"column":23},"end":{"line":null,"column":null}},"94":{"start":{"line":94,"column":23},"end":{"line":null,"column":null}},"95":{"start":{"line":96,"column":19},"end":{"line":null,"column":null}},"96":{"start":{"line":99,"column":42},"end":{"line":null,"column":null}},"97":{"start":{"line":100,"column":23},"end":{"line":null,"column":null}},"99":{"start":{"line":104,"column":23},"end":{"line":null,"column":null}},"101":{"start":{"line":108,"column":23},"end":{"line":null,"column":null}},"102":{"start":{"line":109,"column":23},"end":{"line":null,"column":null}},"103":{"start":{"line":110,"column":34},"end":{"line":null,"column":null}},"104":{"start":{"line":111,"column":31},"end":{"line":null,"column":null}},"105":{"start":{"line":114,"column":23},"end":{"line":null,"column":null}},"106":{"start":{"line":115,"column":23},"end":{"line":null,"column":null}},"107":{"start":{"line":117,"column":18},"end":{"line":null,"column":null}},"108":{"start":{"line":118,"column":26},"end":{"line":null,"column":null}},"109":{"start":{"line":122,"column":23},"end":{"line":null,"column":null}},"110":{"start":{"line":124,"column":18},"end":{"line":null,"column":null}},"111":{"start":{"line":125,"column":25},"end":{"line":null,"column":null}},"113":{"start":{"line":129,"column":20},"end":{"line":null,"column":null}},"114":{"start":{"line":132,"column":21},"end":{"line":null,"column":null}},"115":{"start":{"line":135,"column":21},"end":{"line":null,"column":null}},"116":{"start":{"line":139,"column":21},"end":{"line":null,"column":null}},"117":{"start":{"line":147,"column":10},"end":{"line":null,"column":null}},"118":{"start":{"line":150,"column":10},"end":{"line":null,"column":null}},"119":{"start":{"line":152,"column":13},"end":{"line":null,"column":null}},"120":{"start":{"line":153,"column":15},"end":{"line":null,"column":null}},"121":{"start":{"line":154,"column":18},"end":{"line":null,"column":null}},"122":{"start":{"line":156,"column":32},"end":{"line":null,"column":null}},"123":{"start":{"line":158,"column":32},"end":{"line":null,"column":null}},"124":{"start":{"line":159,"column":23},"end":{"line":null,"column":null}},"125":{"start":{"line":161,"column":43},"end":{"line":null,"column":null}},"126":{"start":{"line":162,"column":35},"end":{"line":null,"column":null}},"127":{"start":{"line":163,"column":32},"end":{"line":null,"column":null}},"128":{"start":{"line":164,"column":24},"end":{"line":null,"column":null}},"129":{"start":{"line":165,"column":27},"end":{"line":null,"column":null}},"130":{"start":{"line":168,"column":18},"end":{"line":null,"column":null}},"131":{"start":{"line":169,"column":26},"end":{"line":null,"column":null}},"133":{"start":{"line":173,"column":19},"end":{"line":null,"column":null}},"134":{"start":{"line":174,"column":24},"end":{"line":null,"column":null}},"135":{"start":{"line":176,"column":19},"end":{"line":null,"column":null}},"136":{"start":{"line":177,"column":24},"end":{"line":null,"column":null}},"137":{"start":{"line":178,"column":21},"end":{"line":null,"column":null}},"138":{"start":{"line":184,"column":24},"end":{"line":null,"column":null}},"140":{"start":{"line":188,"column":24},"end":{"line":null,"column":null}},"141":{"start":{"line":189,"column":24},"end":{"line":null,"column":null}},"142":{"start":{"line":191,"column":19},"end":{"line":null,"column":null}},"143":{"start":{"line":194,"column":43},"end":{"line":null,"column":null}},"144":{"start":{"line":195,"column":24},"end":{"line":null,"column":null}},"146":{"start":{"line":199,"column":24},"end":{"line":null,"column":null}},"148":{"start":{"line":203,"column":24},"end":{"line":null,"column":null}},"149":{"start":{"line":204,"column":24},"end":{"line":null,"column":null}},"150":{"start":{"line":205,"column":35},"end":{"line":null,"column":null}},"151":{"start":{"line":206,"column":32},"end":{"line":null,"column":null}},"152":{"start":{"line":209,"column":24},"end":{"line":null,"column":null}},"153":{"start":{"line":210,"column":24},"end":{"line":null,"column":null}},"154":{"start":{"line":212,"column":18},"end":{"line":null,"column":null}},"155":{"start":{"line":213,"column":27},"end":{"line":null,"column":null}},"156":{"start":{"line":217,"column":24},"end":{"line":null,"column":null}},"157":{"start":{"line":219,"column":18},"end":{"line":null,"column":null}},"158":{"start":{"line":220,"column":26},"end":{"line":null,"column":null}},"160":{"start":{"line":224,"column":20},"end":{"line":null,"column":null}},"161":{"start":{"line":227,"column":21},"end":{"line":null,"column":null}},"162":{"start":{"line":230,"column":21},"end":{"line":null,"column":null}},"163":{"start":{"line":234,"column":21},"end":{"line":null,"column":null}},"164":{"start":{"line":242,"column":10},"end":{"line":null,"column":null}},"165":{"start":{"line":244,"column":10},"end":{"line":null,"column":null}},"166":{"start":{"line":245,"column":10},"end":{"line":null,"column":null}},"167":{"start":{"line":246,"column":10},"end":{"line":null,"column":null}},"168":{"start":{"line":247,"column":10},"end":{"line":null,"column":null}},"169":{"start":{"line":249,"column":10},"end":{"line":null,"column":null}},"170":{"start":{"line":250,"column":13},"end":{"line":null,"column":null}},"171":{"start":{"line":251,"column":15},"end":{"line":null,"column":null}},"172":{"start":{"line":253,"column":14},"end":{"line":null,"column":null}},"173":{"start":{"line":254,"column":13},"end":{"line":null,"column":null}},"174":{"start":{"line":255,"column":18},"end":{"line":null,"column":null}},"175":{"start":{"line":256,"column":18},"end":{"line":null,"column":null}},"176":{"start":{"line":257,"column":18},"end":{"line":null,"column":null}},"177":{"start":{"line":258,"column":18},"end":{"line":null,"column":null}},"178":{"start":{"line":260,"column":18},"end":{"line":null,"column":null}},"179":{"start":{"line":261,"column":20},"end":{"line":null,"column":null}},"180":{"start":{"line":262,"column":22},"end":{"line":null,"column":null}},"181":{"start":{"line":263,"column":26},"end":{"line":null,"column":null}},"182":{"start":{"line":264,"column":22},"end":{"line":null,"column":null}},"183":{"start":{"line":265,"column":22},"end":{"line":null,"column":null}},"184":{"start":{"line":267,"column":22},"end":{"line":null,"column":null}},"185":{"start":{"line":268,"column":35},"end":{"line":null,"column":null}},"186":{"start":{"line":269,"column":35},"end":{"line":null,"column":null}},"187":{"start":{"line":270,"column":33},"end":{"line":null,"column":null}},"188":{"start":{"line":271,"column":24},"end":{"line":null,"column":null}},"189":{"start":{"line":272,"column":38},"end":{"line":null,"column":null}},"190":{"start":{"line":274,"column":38},"end":{"line":null,"column":null}},"191":{"start":{"line":279,"column":21},"end":{"line":null,"column":null}},"192":{"start":{"line":280,"column":22},"end":{"line":null,"column":null}},"194":{"start":{"line":285,"column":37},"end":{"line":null,"column":null}},"195":{"start":{"line":286,"column":34},"end":{"line":null,"column":null}},"196":{"start":{"line":288,"column":20},"end":{"line":null,"column":null}},"197":{"start":{"line":289,"column":22},"end":{"line":null,"column":null}},"198":{"start":{"line":290,"column":31},"end":{"line":null,"column":null}},"199":{"start":{"line":293,"column":22},"end":{"line":null,"column":null}},"200":{"start":{"line":294,"column":26},"end":{"line":null,"column":null}},"201":{"start":{"line":299,"column":26},"end":{"line":null,"column":null}},"202":{"start":{"line":302,"column":15},"end":{"line":null,"column":null}},"203":{"start":{"line":305,"column":29},"end":{"line":null,"column":null}},"204":{"start":{"line":306,"column":26},"end":{"line":null,"column":null}},"205":{"start":{"line":308,"column":12},"end":{"line":null,"column":null}},"206":{"start":{"line":309,"column":14},"end":{"line":null,"column":null}},"207":{"start":{"line":310,"column":23},"end":{"line":null,"column":null}},"208":{"start":{"line":313,"column":14},"end":{"line":null,"column":null}},"209":{"start":{"line":314,"column":18},"end":{"line":null,"column":null}},"210":{"start":{"line":322,"column":10},"end":{"line":null,"column":null}},"211":{"start":{"line":325,"column":10},"end":{"line":null,"column":null}},"212":{"start":{"line":327,"column":13},"end":{"line":null,"column":null}},"213":{"start":{"line":328,"column":15},"end":{"line":null,"column":null}},"214":{"start":{"line":329,"column":18},"end":{"line":null,"column":null}},"215":{"start":{"line":331,"column":31},"end":{"line":null,"column":null}},"216":{"start":{"line":332,"column":23},"end":{"line":null,"column":null}},"217":{"start":{"line":334,"column":43},"end":{"line":null,"column":null}},"218":{"start":{"line":335,"column":35},"end":{"line":null,"column":null}},"219":{"start":{"line":336,"column":32},"end":{"line":null,"column":null}},"220":{"start":{"line":337,"column":24},"end":{"line":null,"column":null}},"221":{"start":{"line":338,"column":27},"end":{"line":null,"column":null}},"222":{"start":{"line":341,"column":18},"end":{"line":null,"column":null}},"223":{"start":{"line":342,"column":26},"end":{"line":null,"column":null}},"225":{"start":{"line":346,"column":22},"end":{"line":null,"column":null}},"226":{"start":{"line":347,"column":43},"end":{"line":null,"column":null}},"227":{"start":{"line":348,"column":35},"end":{"line":null,"column":null}},"228":{"start":{"line":349,"column":32},"end":{"line":null,"column":null}},"229":{"start":{"line":350,"column":24},"end":{"line":null,"column":null}},"230":{"start":{"line":351,"column":27},"end":{"line":null,"column":null}},"231":{"start":{"line":354,"column":18},"end":{"line":null,"column":null}},"232":{"start":{"line":355,"column":26},"end":{"line":null,"column":null}},"234":{"start":{"line":359,"column":25},"end":{"line":null,"column":null}},"235":{"start":{"line":360,"column":24},"end":{"line":null,"column":null}},"236":{"start":{"line":361,"column":21},"end":{"line":null,"column":null}},"237":{"start":{"line":364,"column":43},"end":{"line":null,"column":null}},"238":{"start":{"line":365,"column":24},"end":{"line":null,"column":null}},"240":{"start":{"line":369,"column":24},"end":{"line":null,"column":null}},"242":{"start":{"line":373,"column":24},"end":{"line":null,"column":null}},"243":{"start":{"line":374,"column":24},"end":{"line":null,"column":null}},"244":{"start":{"line":375,"column":35},"end":{"line":null,"column":null}},"245":{"start":{"line":376,"column":32},"end":{"line":null,"column":null}},"246":{"start":{"line":379,"column":24},"end":{"line":null,"column":null}},"247":{"start":{"line":380,"column":24},"end":{"line":null,"column":null}},"248":{"start":{"line":382,"column":18},"end":{"line":null,"column":null}},"249":{"start":{"line":383,"column":27},"end":{"line":null,"column":null}},"250":{"start":{"line":387,"column":24},"end":{"line":null,"column":null}},"251":{"start":{"line":389,"column":18},"end":{"line":null,"column":null}},"252":{"start":{"line":390,"column":26},"end":{"line":null,"column":null}},"254":{"start":{"line":394,"column":20},"end":{"line":null,"column":null}},"255":{"start":{"line":397,"column":21},"end":{"line":null,"column":null}},"256":{"start":{"line":400,"column":21},"end":{"line":null,"column":null}},"257":{"start":{"line":403,"column":43},"end":{"line":null,"column":null}},"258":{"start":{"line":404,"column":24},"end":{"line":null,"column":null}},"260":{"start":{"line":408,"column":24},"end":{"line":null,"column":null}},"262":{"start":{"line":412,"column":24},"end":{"line":null,"column":null}},"263":{"start":{"line":413,"column":24},"end":{"line":null,"column":null}},"264":{"start":{"line":414,"column":35},"end":{"line":null,"column":null}},"265":{"start":{"line":415,"column":32},"end":{"line":null,"column":null}},"266":{"start":{"line":418,"column":24},"end":{"line":null,"column":null}},"267":{"start":{"line":419,"column":24},"end":{"line":null,"column":null}},"268":{"start":{"line":421,"column":18},"end":{"line":null,"column":null}},"269":{"start":{"line":422,"column":27},"end":{"line":null,"column":null}},"270":{"start":{"line":426,"column":24},"end":{"line":null,"column":null}},"271":{"start":{"line":428,"column":18},"end":{"line":null,"column":null}},"272":{"start":{"line":429,"column":26},"end":{"line":null,"column":null}},"274":{"start":{"line":433,"column":20},"end":{"line":null,"column":null}},"275":{"start":{"line":436,"column":21},"end":{"line":null,"column":null}},"276":{"start":{"line":439,"column":21},"end":{"line":null,"column":null}},"277":{"start":{"line":443,"column":21},"end":{"line":null,"column":null}},"278":{"start":{"line":451,"column":10},"end":{"line":null,"column":null}},"279":{"start":{"line":454,"column":10},"end":{"line":null,"column":null}},"280":{"start":{"line":455,"column":10},"end":{"line":null,"column":null}},"281":{"start":{"line":456,"column":10},"end":{"line":null,"column":null}},"282":{"start":{"line":457,"column":27},"end":{"line":457,"column":42}},"283":{"start":{"line":457,"column":42},"end":{"line":null,"column":null}},"284":{"start":{"line":458,"column":34},"end":{"line":null,"column":null}},"285":{"start":{"line":460,"column":22},"end":{"line":460,"column":28}},"286":{"start":{"line":460,"column":28},"end":{"line":460,"column":54}},"287":{"start":{"line":460,"column":54},"end":{"line":null,"column":null}},"288":{"start":{"line":461,"column":12},"end":{"line":null,"column":null}},"289":{"start":{"line":462,"column":12},"end":{"line":null,"column":null}},"290":{"start":{"line":463,"column":12},"end":{"line":null,"column":null}},"291":{"start":{"line":465,"column":12},"end":{"line":null,"column":null}},"292":{"start":{"line":466,"column":15},"end":{"line":null,"column":null}},"293":{"start":{"line":467,"column":16},"end":{"line":null,"column":null}},"294":{"start":{"line":469,"column":16},"end":{"line":null,"column":null}},"295":{"start":{"line":470,"column":21},"end":{"line":null,"column":null}},"296":{"start":{"line":474,"column":31},"end":{"line":null,"column":null}},"297":{"start":{"line":475,"column":28},"end":{"line":null,"column":null}},"298":{"start":{"line":477,"column":14},"end":{"line":null,"column":null}},"299":{"start":{"line":478,"column":16},"end":{"line":null,"column":null}},"300":{"start":{"line":479,"column":25},"end":{"line":null,"column":null}},"301":{"start":{"line":482,"column":16},"end":{"line":null,"column":null}},"302":{"start":{"line":483,"column":20},"end":{"line":null,"column":null}},"303":{"start":{"line":488,"column":10},"end":{"line":null,"column":null}},"304":{"start":{"line":489,"column":10},"end":{"line":null,"column":null}},"305":{"start":{"line":490,"column":10},"end":{"line":null,"column":null}},"306":{"start":{"line":491,"column":10},"end":{"line":null,"column":null}},"307":{"start":{"line":493,"column":10},"end":{"line":null,"column":null}},"308":{"start":{"line":494,"column":12},"end":{"line":null,"column":null}},"309":{"start":{"line":495,"column":14},"end":{"line":null,"column":null}},"310":{"start":{"line":497,"column":14},"end":{"line":null,"column":null}},"311":{"start":{"line":499,"column":17},"end":{"line":null,"column":null}},"312":{"start":{"line":500,"column":16},"end":{"line":null,"column":null}},"313":{"start":{"line":504,"column":16},"end":{"line":null,"column":null}},"315":{"start":{"line":507,"column":16},"end":{"line":null,"column":null}},"316":{"start":{"line":508,"column":21},"end":{"line":null,"column":null}},"317":{"start":{"line":510,"column":16},"end":{"line":null,"column":null}},"318":{"start":{"line":511,"column":21},"end":{"line":null,"column":null}},"319":{"start":{"line":513,"column":26},"end":{"line":null,"column":null}},"320":{"start":{"line":518,"column":13},"end":{"line":null,"column":null}},"322":{"start":{"line":522,"column":29},"end":{"line":null,"column":null}},"323":{"start":{"line":523,"column":26},"end":{"line":null,"column":null}},"324":{"start":{"line":525,"column":12},"end":{"line":null,"column":null}},"325":{"start":{"line":526,"column":14},"end":{"line":null,"column":null}},"326":{"start":{"line":527,"column":23},"end":{"line":null,"column":null}},"327":{"start":{"line":530,"column":14},"end":{"line":null,"column":null}},"328":{"start":{"line":531,"column":18},"end":{"line":null,"column":null}},"329":{"start":{"line":536,"column":10},"end":{"line":null,"column":null}},"330":{"start":{"line":537,"column":13},"end":{"line":null,"column":null}},"331":{"start":{"line":539,"column":13},"end":{"line":null,"column":null}},"332":{"start":{"line":545,"column":10},"end":{"line":null,"column":null}},"333":{"start":{"line":546,"column":10},"end":{"line":null,"column":null}},"334":{"start":{"line":547,"column":15},"end":{"line":null,"column":null}},"335":{"start":{"line":549,"column":13},"end":{"line":null,"column":null}},"336":{"start":{"line":551,"column":20},"end":{"line":null,"column":null}},"337":{"start":{"line":554,"column":10},"end":{"line":null,"column":null}},"338":{"start":{"line":555,"column":15},"end":{"line":null,"column":null}},"339":{"start":{"line":557,"column":13},"end":{"line":null,"column":null}},"340":{"start":{"line":558,"column":20},"end":{"line":null,"column":null}},"341":{"start":{"line":561,"column":10},"end":{"line":null,"column":null}},"342":{"start":{"line":562,"column":15},"end":{"line":null,"column":null}},"343":{"start":{"line":564,"column":13},"end":{"line":null,"column":null}},"344":{"start":{"line":565,"column":20},"end":{"line":null,"column":null}},"345":{"start":{"line":567,"column":13},"end":{"line":null,"column":null}},"346":{"start":{"line":572,"column":13},"end":{"line":null,"column":null}},"347":{"start":{"line":576,"column":9},"end":{"line":null,"column":null}},"348":{"start":{"line":579,"column":0},"end":{"line":null,"column":null}},"349":{"start":{"line":581,"column":0},"end":{"line":null,"column":null}},"350":{"start":{"line":582,"column":18},"end":{"line":null,"column":null}},"351":{"start":{"line":584,"column":7},"end":{"line":null,"column":null}},"352":{"start":{"line":585,"column":7},"end":{"line":null,"column":null}},"353":{"start":{"line":591,"column":0},"end":{"line":null,"column":null}},"354":{"start":{"line":593,"column":0},"end":{"line":null,"column":null}},"355":{"start":{"line":594,"column":0},"end":{"line":null,"column":null}},"356":{"start":{"line":596,"column":0},"end":{"line":null,"column":null}},"357":{"start":{"line":600,"column":0},"end":{"line":null,"column":null}},"358":{"start":{"line":601,"column":0},"end":{"line":null,"column":null}}},"fnMap":{"1":{"name":"(anonymous_1)","line":7,"loc":{"start":{"line":7,"column":21},"end":{"line":7,"column":33}}},"2":{"name":"sliceIterator","line":7,"loc":{"start":{"line":7,"column":44},"end":{"line":7,"column":66}}},"3":{"name":"(anonymous_3)","line":7,"loc":{"start":{"line":7,"column":436},"end":{"line":7,"column":454}}},"4":{"name":"(anonymous_4)","line":9,"loc":{"start":{"line":9,"column":19},"end":{"line":9,"column":31}}},"5":{"name":"defineProperties","line":9,"loc":{"start":{"line":9,"column":42},"end":{"line":9,"column":74}}},"6":{"name":"(anonymous_6)","line":9,"loc":{"start":{"line":9,"column":357},"end":{"line":9,"column":405}}},"7":{"name":"_interopRequireDefault","line":22,"loc":{"start":{"line":22,"column":0},"end":{"line":22,"column":37}}},"8":{"name":"_defineProperty","line":24,"loc":{"start":{"line":24,"column":0},"end":{"line":24,"column":42}}},"9":{"name":"_toArray","line":26,"loc":{"start":{"line":26,"column":0},"end":{"line":26,"column":23}}},"10":{"name":"_classCallCheck","line":28,"loc":{"start":{"line":28,"column":0},"end":{"line":28,"column":48}}},"11":{"name":"(anonymous_11)","line":39,"loc":{"start":{"line":39,"column":20},"end":{"line":39,"column":32}}},"12":{"name":"InvertedIndex","line":41,"loc":{"start":{"line":41,"column":11},"end":{"line":41,"column":27}}},"13":{"name":"readBookData","line":53,"loc":{"start":{"line":53,"column":35},"end":{"line":53,"column":63}}},"14":{"name":"readBookData$","line":59,"loc":{"start":{"line":59,"column":37},"end":{"line":59,"column":70}}},"15":{"name":"readBookDataApiMulter","line":146,"loc":{"start":{"line":146,"column":35},"end":{"line":146,"column":73}}},"16":{"name":"readBookDataApiMulter$","line":152,"loc":{"start":{"line":152,"column":37},"end":{"line":152,"column":80}}},"17":{"name":"(anonymous_17)","line":158,"loc":{"start":{"line":158,"column":40},"end":{"line":158,"column":53}}},"18":{"name":"createIndex","line":241,"loc":{"start":{"line":241,"column":11},"end":{"line":241,"column":44}}},"19":{"name":"(anonymous_19)","line":254,"loc":{"start":{"line":254,"column":13},"end":{"line":254,"column":25}}},"20":{"name":"_loop","line":261,"loc":{"start":{"line":261,"column":28},"end":{"line":261,"column":45}}},"21":{"name":"(anonymous_21)","line":270,"loc":{"start":{"line":270,"column":41},"end":{"line":270,"column":57}}},"22":{"name":"takeInSearchQuery","line":321,"loc":{"start":{"line":321,"column":35},"end":{"line":321,"column":69}}},"23":{"name":"takeInSearchQuery$","line":327,"loc":{"start":{"line":327,"column":37},"end":{"line":327,"column":76}}},"24":{"name":"(anonymous_24)","line":331,"loc":{"start":{"line":331,"column":53},"end":{"line":331,"column":69}}},"25":{"name":"searchIndex","line":450,"loc":{"start":{"line":450,"column":11},"end":{"line":450,"column":68}}},"26":{"name":"_loop2","line":494,"loc":{"start":{"line":494,"column":21},"end":{"line":494,"column":39}}},"27":{"name":"(anonymous_27)","line":499,"loc":{"start":{"line":499,"column":51},"end":{"line":499,"column":74}}},"28":{"name":"validateFileContent","line":544,"loc":{"start":{"line":544,"column":11},"end":{"line":544,"column":46}}},"29":{"name":"(anonymous_29)","line":546,"loc":{"start":{"line":546,"column":39},"end":{"line":546,"column":52}}},"30":{"name":"(anonymous_30)","line":554,"loc":{"start":{"line":554,"column":34},"end":{"line":554,"column":47}}},"31":{"name":"(anonymous_31)","line":561,"loc":{"start":{"line":561,"column":34},"end":{"line":561,"column":47}}},"32":{"name":"sanitizeData","line":571,"loc":{"start":{"line":571,"column":11},"end":{"line":571,"column":39}}},"33":{"name":"DataError","line":581,"loc":{"start":{"line":581,"column":16},"end":{"line":581,"column":50}}}},"branchMap":{"1":{"line":7,"type":"if","locations":[{"start":{"line":7,"column":247},"end":{"line":7,"column":247}},{"start":{"line":7,"column":247},"end":{"line":7,"column":247}}]},"2":{"line":7,"type":"binary-expr","locations":[{"start":{"line":7,"column":251},"end":{"line":7,"column":256}},{"start":{"line":7,"column":256},"end":{"line":7,"column":247}}]},"3":{"line":7,"type":"if","locations":[{"start":{"line":7,"column":343},"end":{"line":7,"column":343}},{"start":{"line":7,"column":343},"end":{"line":7,"column":343}}]},"4":{"line":7,"type":"binary-expr","locations":[{"start":{"line":7,"column":343},"end":{"line":7,"column":343}},{"start":{"line":7,"column":350},"end":{"line":7,"column":339}}]},"5":{"line":7,"type":"if","locations":[{"start":{"line":7,"column":396},"end":{"line":7,"column":396}},{"start":{"line":7,"column":396},"end":{"line":7,"column":396}}]},"6":{"line":7,"type":"if","locations":[{"start":{"line":7,"column":460},"end":{"line":7,"column":460}},{"start":{"line":7,"column":460},"end":{"line":7,"column":460}}]},"7":{"line":7,"type":"if","locations":[{"start":{"line":7,"column":501},"end":{"line":7,"column":501}},{"start":{"line":7,"column":501},"end":{"line":7,"column":501}}]},"8":{"line":9,"type":"binary-expr","locations":[{"start":{"line":9,"column":168},"end":{"line":9,"column":168}},{"start":{"line":9,"column":193},"end":{"line":9,"column":144}}]},"9":{"line":9,"type":"if","locations":[{"start":{"line":9,"column":232},"end":{"line":9,"column":232}},{"start":{"line":9,"column":232},"end":{"line":9,"column":232}}]},"10":{"line":9,"type":"if","locations":[{"start":{"line":9,"column":411},"end":{"line":9,"column":411}},{"start":{"line":9,"column":411},"end":{"line":9,"column":411}}]},"11":{"line":9,"type":"if","locations":[{"start":{"line":9,"column":476},"end":{"line":9,"column":476}},{"start":{"line":9,"column":476},"end":{"line":9,"column":476}}]},"12":{"line":22,"type":"cond-expr","locations":[{"start":{"line":22,"column":70},"end":{"line":22,"column":46}},{"start":{"line":22,"column":76},"end":{"line":22,"column":39}}]},"13":{"line":22,"type":"binary-expr","locations":[{"start":{"line":22,"column":46},"end":{"line":22,"column":53}},{"start":{"line":22,"column":53},"end":{"line":22,"column":46}}]},"14":{"line":24,"type":"if","locations":[{"start":{"line":24,"column":48},"end":{"line":24,"column":48}},{"start":{"line":24,"column":48},"end":{"line":24,"column":48}}]},"15":{"line":26,"type":"cond-expr","locations":[{"start":{"line":26,"column":53},"end":{"line":26,"column":32}},{"start":{"line":26,"column":59},"end":{"line":26,"column":25}}]},"16":{"line":28,"type":"if","locations":[{"start":{"line":28,"column":54},"end":{"line":28,"column":54}},{"start":{"line":28,"column":54},"end":{"line":28,"column":54}}]},"17":{"line":62,"type":"switch","locations":[{"start":{"line":62,"column":17},"end":{"line":null,"column":null}},{"start":{"line":69,"column":17},"end":{"line":null,"column":null}},{"start":{"line":88,"column":17},"end":{"line":null,"column":null}},{"start":{"line":92,"column":17},"end":{"line":null,"column":null}},{"start":{"line":98,"column":17},"end":{"line":null,"column":null}},{"start":{"line":103,"column":17},"end":{"line":null,"column":null}},{"start":{"line":107,"column":17},"end":{"line":null,"column":null}},{"start":{"line":113,"column":17},"end":{"line":null,"column":null}},{"start":{"line":121,"column":17},"end":{"line":null,"column":null}},{"start":{"line":131,"column":17},"end":{"line":null,"column":null}},{"start":{"line":134,"column":17},"end":{"line":null,"column":null}},{"start":{"line":137,"column":17},"end":{"line":null,"column":null}},{"start":{"line":138,"column":17},"end":{"line":null,"column":null}}]},"18":{"line":70,"type":"if","locations":[{"start":{"line":70,"column":18},"end":{"line":70,"column":18}},{"start":{"line":70,"column":18},"end":{"line":70,"column":18}}]},"19":{"line":117,"type":"if","locations":[{"start":{"line":117,"column":18},"end":{"line":117,"column":18}},{"start":{"line":117,"column":18},"end":{"line":117,"column":18}}]},"20":{"line":117,"type":"binary-expr","locations":[{"start":{"line":117,"column":18},"end":{"line":117,"column":18}},{"start":{"line":117,"column":48},"end":{"line":117,"column":14}}]},"21":{"line":124,"type":"if","locations":[{"start":{"line":124,"column":18},"end":{"line":124,"column":18}},{"start":{"line":124,"column":18},"end":{"line":124,"column":18}}]},"22":{"line":155,"type":"switch","locations":[{"start":{"line":155,"column":17},"end":{"line":null,"column":null}},{"start":{"line":167,"column":17},"end":{"line":null,"column":null}},{"start":{"line":183,"column":17},"end":{"line":null,"column":null}},{"start":{"line":187,"column":17},"end":{"line":null,"column":null}},{"start":{"line":193,"column":17},"end":{"line":null,"column":null}},{"start":{"line":198,"column":17},"end":{"line":null,"column":null}},{"start":{"line":202,"column":17},"end":{"line":null,"column":null}},{"start":{"line":208,"column":17},"end":{"line":null,"column":null}},{"start":{"line":216,"column":17},"end":{"line":null,"column":null}},{"start":{"line":226,"column":17},"end":{"line":null,"column":null}},{"start":{"line":229,"column":17},"end":{"line":null,"column":null}},{"start":{"line":232,"column":17},"end":{"line":null,"column":null}},{"start":{"line":233,"column":17},"end":{"line":null,"column":null}}]},"23":{"line":168,"type":"if","locations":[{"start":{"line":168,"column":18},"end":{"line":168,"column":18}},{"start":{"line":168,"column":18},"end":{"line":168,"column":18}}]},"24":{"line":212,"type":"if","locations":[{"start":{"line":212,"column":18},"end":{"line":212,"column":18}},{"start":{"line":212,"column":18},"end":{"line":212,"column":18}}]},"25":{"line":212,"type":"binary-expr","locations":[{"start":{"line":212,"column":18},"end":{"line":212,"column":18}},{"start":{"line":212,"column":49},"end":{"line":212,"column":14}}]},"26":{"line":219,"type":"if","locations":[{"start":{"line":219,"column":18},"end":{"line":219,"column":18}},{"start":{"line":219,"column":18},"end":{"line":219,"column":18}}]},"27":{"line":253,"type":"if","locations":[{"start":{"line":253,"column":14},"end":{"line":253,"column":14}},{"start":{"line":253,"column":14},"end":{"line":253,"column":14}}]},"28":{"line":271,"type":"if","locations":[{"start":{"line":271,"column":24},"end":{"line":271,"column":24}},{"start":{"line":271,"column":24},"end":{"line":271,"column":24}}]},"29":{"line":289,"type":"if","locations":[{"start":{"line":289,"column":22},"end":{"line":289,"column":22}},{"start":{"line":289,"column":22},"end":{"line":289,"column":22}}]},"30":{"line":289,"type":"binary-expr","locations":[{"start":{"line":289,"column":22},"end":{"line":289,"column":22}},{"start":{"line":289,"column":53},"end":{"line":289,"column":18}}]},"31":{"line":293,"type":"if","locations":[{"start":{"line":293,"column":22},"end":{"line":293,"column":22}},{"start":{"line":293,"column":22},"end":{"line":293,"column":22}}]},"32":{"line":309,"type":"if","locations":[{"start":{"line":309,"column":14},"end":{"line":309,"column":14}},{"start":{"line":309,"column":14},"end":{"line":309,"column":14}}]},"33":{"line":309,"type":"binary-expr","locations":[{"start":{"line":309,"column":14},"end":{"line":309,"column":14}},{"start":{"line":309,"column":45},"end":{"line":309,"column":10}}]},"34":{"line":313,"type":"if","locations":[{"start":{"line":313,"column":14},"end":{"line":313,"column":14}},{"start":{"line":313,"column":14},"end":{"line":313,"column":14}}]},"35":{"line":330,"type":"switch","locations":[{"start":{"line":330,"column":17},"end":{"line":null,"column":null}},{"start":{"line":340,"column":17},"end":{"line":null,"column":null}},{"start":{"line":353,"column":17},"end":{"line":null,"column":null}},{"start":{"line":363,"column":17},"end":{"line":null,"column":null}},{"start":{"line":368,"column":17},"end":{"line":null,"column":null}},{"start":{"line":372,"column":17},"end":{"line":null,"column":null}},{"start":{"line":378,"column":17},"end":{"line":null,"column":null}},{"start":{"line":386,"column":17},"end":{"line":null,"column":null}},{"start":{"line":396,"column":17},"end":{"line":null,"column":null}},{"start":{"line":399,"column":17},"end":{"line":null,"column":null}},{"start":{"line":402,"column":17},"end":{"line":null,"column":null}},{"start":{"line":407,"column":17},"end":{"line":null,"column":null}},{"start":{"line":411,"column":17},"end":{"line":null,"column":null}},{"start":{"line":417,"column":17},"end":{"line":null,"column":null}},{"start":{"line":425,"column":17},"end":{"line":null,"column":null}},{"start":{"line":435,"column":17},"end":{"line":null,"column":null}},{"start":{"line":438,"column":17},"end":{"line":null,"column":null}},{"start":{"line":441,"column":17},"end":{"line":null,"column":null}},{"start":{"line":442,"column":17},"end":{"line":null,"column":null}}]},"36":{"line":341,"type":"if","locations":[{"start":{"line":341,"column":18},"end":{"line":341,"column":18}},{"start":{"line":341,"column":18},"end":{"line":341,"column":18}}]},"37":{"line":354,"type":"if","locations":[{"start":{"line":354,"column":18},"end":{"line":354,"column":18}},{"start":{"line":354,"column":18},"end":{"line":354,"column":18}}]},"38":{"line":382,"type":"if","locations":[{"start":{"line":382,"column":18},"end":{"line":382,"column":18}},{"start":{"line":382,"column":18},"end":{"line":382,"column":18}}]},"39":{"line":382,"type":"binary-expr","locations":[{"start":{"line":382,"column":18},"end":{"line":382,"column":18}},{"start":{"line":382,"column":49},"end":{"line":382,"column":14}}]},"40":{"line":389,"type":"if","locations":[{"start":{"line":389,"column":18},"end":{"line":389,"column":18}},{"start":{"line":389,"column":18},"end":{"line":389,"column":18}}]},"41":{"line":421,"type":"if","locations":[{"start":{"line":421,"column":18},"end":{"line":421,"column":18}},{"start":{"line":421,"column":18},"end":{"line":421,"column":18}}]},"42":{"line":421,"type":"binary-expr","locations":[{"start":{"line":421,"column":18},"end":{"line":421,"column":18}},{"start":{"line":421,"column":49},"end":{"line":421,"column":14}}]},"43":{"line":428,"type":"if","locations":[{"start":{"line":428,"column":18},"end":{"line":428,"column":18}},{"start":{"line":428,"column":18},"end":{"line":428,"column":18}}]},"44":{"line":456,"type":"if","locations":[{"start":{"line":456,"column":10},"end":{"line":456,"column":10}},{"start":{"line":456,"column":10},"end":{"line":456,"column":10}}]},"45":{"line":469,"type":"if","locations":[{"start":{"line":469,"column":16},"end":{"line":469,"column":16}},{"start":{"line":469,"column":16},"end":{"line":469,"column":16}}]},"46":{"line":478,"type":"if","locations":[{"start":{"line":478,"column":16},"end":{"line":478,"column":16}},{"start":{"line":478,"column":16},"end":{"line":478,"column":16}}]},"47":{"line":478,"type":"binary-expr","locations":[{"start":{"line":478,"column":16},"end":{"line":478,"column":16}},{"start":{"line":478,"column":47},"end":{"line":478,"column":12}}]},"48":{"line":482,"type":"if","locations":[{"start":{"line":482,"column":16},"end":{"line":482,"column":16}},{"start":{"line":482,"column":16},"end":{"line":482,"column":16}}]},"49":{"line":504,"type":"if","locations":[{"start":{"line":504,"column":16},"end":{"line":504,"column":16}},{"start":{"line":504,"column":16},"end":{"line":504,"column":16}}]},"50":{"line":507,"type":"if","locations":[{"start":{"line":507,"column":16},"end":{"line":507,"column":16}},{"start":{"line":507,"column":16},"end":{"line":507,"column":16}}]},"51":{"line":510,"type":"if","locations":[{"start":{"line":510,"column":16},"end":{"line":510,"column":16}},{"start":{"line":510,"column":16},"end":{"line":510,"column":16}}]},"52":{"line":526,"type":"if","locations":[{"start":{"line":526,"column":14},"end":{"line":526,"column":14}},{"start":{"line":526,"column":14},"end":{"line":526,"column":14}}]},"53":{"line":526,"type":"binary-expr","locations":[{"start":{"line":526,"column":14},"end":{"line":526,"column":14}},{"start":{"line":526,"column":45},"end":{"line":526,"column":10}}]},"54":{"line":530,"type":"if","locations":[{"start":{"line":530,"column":14},"end":{"line":530,"column":14}},{"start":{"line":530,"column":14},"end":{"line":530,"column":14}}]},"55":{"line":536,"type":"if","locations":[{"start":{"line":536,"column":10},"end":{"line":536,"column":10}},{"start":{"line":536,"column":10},"end":{"line":536,"column":10}}]},"56":{"line":546,"type":"if","locations":[{"start":{"line":546,"column":10},"end":{"line":546,"column":10}},{"start":{"line":546,"column":10},"end":{"line":546,"column":10}}]},"57":{"line":546,"type":"binary-expr","locations":[{"start":{"line":546,"column":10},"end":{"line":546,"column":10}},{"start":{"line":546,"column":29},"end":{"line":546,"column":6}}]},"58":{"line":547,"type":"binary-expr","locations":[{"start":{"line":547,"column":15},"end":{"line":547,"column":15}},{"start":{"line":547,"column":47},"end":{"line":547,"column":8}}]},"59":{"line":554,"type":"if","locations":[{"start":{"line":554,"column":10},"end":{"line":554,"column":10}},{"start":{"line":554,"column":10},"end":{"line":554,"column":10}}]},"60":{"line":554,"type":"binary-expr","locations":[{"start":{"line":554,"column":10},"end":{"line":554,"column":10}},{"start":{"line":554,"column":24},"end":{"line":554,"column":10}},{"start":{"line":556,"column":12},"end":{"line":554,"column":6}}]},"61":{"line":561,"type":"if","locations":[{"start":{"line":561,"column":10},"end":{"line":561,"column":10}},{"start":{"line":561,"column":10},"end":{"line":561,"column":10}}]},"62":{"line":561,"type":"binary-expr","locations":[{"start":{"line":561,"column":10},"end":{"line":561,"column":10}},{"start":{"line":561,"column":24},"end":{"line":561,"column":6}}]},"63":{"line":562,"type":"binary-expr","locations":[{"start":{"line":562,"column":15},"end":{"line":562,"column":15}},{"start":{"line":562,"column":40},"end":{"line":562,"column":8}}]}}}}
