{
"C:\\Users\\Vickie\\Documents\\WebDev\\Andela21\\inverted-index-api\\src\\inverted-index.js":{"path":"C:\\Users\\Vickie\\Documents\\WebDev\\Andela21\\inverted-index-api\\src\\inverted-index.js","s":{"27":1,"28":1,"29":2,"30":7,"31":7,"32":7,"33":7,"34":7,"35":7,"36":1,"37":1,"38":1,"39":1,"40":1,"41":1,"42":1,"44":1,"46":1,"59":1,"60":1,"62":8,"63":8,"64":8,"65":8,"66":8,"77":6,"81":19,"82":19,"83":19,"85":19,"87":16,"92":3,"120":0,"121":0,"126":0,"131":0,"136":0,"141":0,"142":0,"144":0,"146":0,"151":0,"194":5,"199":5,"200":15,"201":15,"203":11,"210":21,"211":21,"212":21,"213":21,"214":365,"215":168,"216":197,"217":11,"226":11,"227":15,"240":2,"241":6,"246":2,"255":8,"261":10,"303":2,"304":2,"305":2,"306":2,"307":2,"308":2,"309":2,"310":0,"311":0,"312":0,"317":0,"318":0,"319":0,"320":0,"328":2,"334":0,"335":0,"336":0,"337":0,"338":0,"340":0,"341":0,"342":0,"343":0,"344":0,"345":0,"354":0,"355":0,"356":0,"357":15,"358":15,"359":25,"360":1,"361":1,"362":15,"363":24,"364":2,"365":2,"366":15,"367":22,"368":1,"369":1,"370":15,"371":50,"373":1,"374":1,"376":7,"377":7},"f":{"4":1,"5":2,"6":1,"12":8,"17":0,"18":5,"21":365,"24":6,"25":2,"27":0,"28":15,"29":25,"30":24,"31":22,"32":50,"33":7},"l":{"1":7,"2":1,"3":1,"5":1,"8":1,"9":1,"10":8,"11":8,"12":8,"13":8,"14":8,"18":19,"19":19,"20":19,"22":19,"23":16,"28":3,"35":0,"37":0,"38":0,"39":0,"41":0,"42":0,"47":0,"54":5,"55":15,"56":15,"57":11,"58":11,"59":21,"60":21,"61":21,"62":21,"63":365,"64":168,"66":197,"70":11,"72":15,"77":6,"78":2,"79":8,"80":10,"86":2,"87":2,"88":2,"89":2,"90":2,"91":2,"93":0,"94":0,"95":0,"96":0,"100":2,"101":0,"102":0,"103":0,"104":0,"105":0,"108":0,"109":0,"111":0,"112":0,"114":0,"118":0,"119":0,"121":0,"126":15,"127":15,"128":25,"129":1,"130":1,"133":15,"134":24,"135":2,"136":2,"139":15,"140":22,"141":1,"142":1,"144":15,"148":50,"153":1,"155":7,"156":7},"b":{"8":[7,7],"9":[7,0],"10":[1,0],"11":[1,0],"31":[11,4],"32":[168,197],"48":[2,0],"49":[0,0],"53":[0,0],"54":[0,0],"55":[0,0],"59":[0,0],"60":[1,14],"61":[15,15],"62":[25,1],"63":[2,13],"64":[15,14,2],"65":[1,14],"66":[15,12],"67":[22,21]},"statementMap":{"27":{"start":{"line":1,"column":0},"end":{"line":1,"column":0}},"28":{"start":{"line":1,"column":0},"end":{"line":1,"column":0}},"29":{"start":{"line":1,"column":0},"end":{"line":1,"column":0}},"30":{"start":{"line":1,"column":0},"end":{"line":1,"column":0}},"31":{"start":{"line":1,"column":0},"end":{"line":1,"column":0}},"32":{"start":{"line":1,"column":0},"end":{"line":1,"column":0}},"33":{"start":{"line":1,"column":0},"end":{"line":1,"column":0}},"34":{"start":{"line":1,"column":0},"end":{"line":1,"column":0}},"35":{"start":{"line":1,"column":0},"end":{"line":1,"column":0}},"36":{"start":{"line":1,"column":0},"end":{"line":1,"column":0}},"37":{"start":{"line":1,"column":0},"end":{"line":1,"column":0}},"38":{"start":{"line":1,"column":0},"end":{"line":1,"column":0}},"39":{"start":{"line":1,"column":0},"end":{"line":1,"column":0}},"40":{"start":{"line":1,"column":0},"end":{"line":1,"column":0}},"41":{"start":{"line":1,"column":0},"end":{"line":1,"column":0}},"42":{"start":{"line":2,"column":0},"end":{"line":null,"column":null}},"44":{"start":{"line":3,"column":0},"end":{"line":null,"column":null}},"46":{"start":{"line":5,"column":0},"end":{"line":null,"column":null}},"59":{"start":{"line":8,"column":21},"end":{"line":null,"column":null}},"60":{"start":{"line":9,"column":16},"end":{"line":null,"column":null}},"62":{"start":{"line":10,"column":9},"end":{"line":null,"column":null}},"63":{"start":{"line":11,"column":9},"end":{"line":null,"column":null}},"64":{"start":{"line":12,"column":9},"end":{"line":null,"column":null}},"65":{"start":{"line":13,"column":9},"end":{"line":null,"column":null}},"66":{"start":{"line":14,"column":9},"end":{"line":null,"column":null}},"77":{"start":{"line":18,"column":26},"end":{"line":null,"column":null}},"81":{"start":{"line":18,"column":14},"end":{"line":null,"column":null}},"82":{"start":{"line":19,"column":14},"end":{"line":null,"column":null}},"83":{"start":{"line":20,"column":11},"end":{"line":null,"column":null}},"85":{"start":{"line":22,"column":13},"end":{"line":null,"column":null}},"87":{"start":{"line":23,"column":14},"end":{"line":null,"column":null}},"92":{"start":{"line":28,"column":13},"end":{"line":null,"column":null}},"120":{"start":{"line":35,"column":22},"end":{"line":null,"column":null}},"121":{"start":{"line":35,"column":35},"end":{"line":null,"column":null}},"126":{"start":{"line":37,"column":38},"end":{"line":null,"column":null}},"131":{"start":{"line":38,"column":14},"end":{"line":null,"column":null}},"136":{"start":{"line":39,"column":45},"end":{"line":null,"column":null}},"141":{"start":{"line":39,"column":17},"end":{"line":null,"column":null}},"142":{"start":{"line":39,"column":32},"end":{"line":null,"column":null}},"144":{"start":{"line":41,"column":15},"end":{"line":null,"column":null}},"146":{"start":{"line":42,"column":16},"end":{"line":null,"column":null}},"151":{"start":{"line":47,"column":15},"end":{"line":null,"column":null}},"194":{"start":{"line":54,"column":10},"end":{"line":null,"column":null}},"199":{"start":{"line":55,"column":29},"end":{"line":null,"column":null}},"200":{"start":{"line":55,"column":14},"end":{"line":null,"column":null}},"201":{"start":{"line":56,"column":10},"end":{"line":null,"column":null}},"203":{"start":{"line":57,"column":14},"end":{"line":null,"column":null}},"210":{"start":{"line":59,"column":14},"end":{"line":null,"column":null}},"211":{"start":{"line":60,"column":27},"end":{"line":null,"column":null}},"212":{"start":{"line":61,"column":27},"end":{"line":null,"column":null}},"213":{"start":{"line":62,"column":25},"end":{"line":null,"column":null}},"214":{"start":{"line":63,"column":16},"end":{"line":null,"column":null}},"215":{"start":{"line":64,"column":30},"end":{"line":null,"column":null}},"216":{"start":{"line":66,"column":30},"end":{"line":null,"column":null}},"217":{"start":{"line":58,"column":41},"end":{"line":null,"column":null}},"226":{"start":{"line":70,"column":20},"end":{"line":null,"column":null}},"227":{"start":{"line":72,"column":11},"end":{"line":null,"column":null}},"240":{"start":{"line":77,"column":23},"end":{"line":null,"column":null}},"241":{"start":{"line":77,"column":55},"end":{"line":null,"column":null}},"246":{"start":{"line":78,"column":26},"end":{"line":null,"column":null}},"255":{"start":{"line":79,"column":31},"end":{"line":null,"column":null}},"261":{"start":{"line":80,"column":16},"end":{"line":null,"column":null}},"303":{"start":{"line":86,"column":8},"end":{"line":null,"column":null}},"304":{"start":{"line":87,"column":8},"end":{"line":null,"column":null}},"305":{"start":{"line":88,"column":10},"end":{"line":null,"column":null}},"306":{"start":{"line":89,"column":8},"end":{"line":null,"column":null}},"307":{"start":{"line":90,"column":25},"end":{"line":90,"column":41}},"308":{"start":{"line":90,"column":41},"end":{"line":null,"column":null}},"309":{"start":{"line":91,"column":32},"end":{"line":null,"column":null}},"310":{"start":{"line":93,"column":20},"end":{"line":93,"column":27}},"311":{"start":{"line":93,"column":27},"end":{"line":93,"column":54}},"312":{"start":{"line":93,"column":54},"end":{"line":null,"column":null}},"317":{"start":{"line":94,"column":33},"end":{"line":null,"column":null}},"318":{"start":{"line":94,"column":17},"end":{"line":null,"column":null}},"319":{"start":{"line":95,"column":12},"end":{"line":null,"column":null}},"320":{"start":{"line":96,"column":17},"end":{"line":null,"column":null}},"328":{"start":{"line":100,"column":10},"end":{"line":null,"column":null}},"334":{"start":{"line":101,"column":15},"end":{"line":null,"column":null}},"335":{"start":{"line":102,"column":12},"end":{"line":null,"column":null}},"336":{"start":{"line":103,"column":13},"end":{"line":null,"column":null}},"337":{"start":{"line":104,"column":47},"end":{"line":null,"column":null}},"338":{"start":{"line":105,"column":12},"end":{"line":null,"column":null}},"340":{"start":{"line":108,"column":12},"end":{"line":null,"column":null}},"341":{"start":{"line":109,"column":17},"end":{"line":null,"column":null}},"342":{"start":{"line":111,"column":12},"end":{"line":null,"column":null}},"343":{"start":{"line":112,"column":17},"end":{"line":null,"column":null}},"344":{"start":{"line":114,"column":22},"end":{"line":null,"column":null}},"345":{"start":{"line":101,"column":34},"end":{"line":null,"column":null}},"354":{"start":{"line":118,"column":8},"end":{"line":null,"column":null}},"355":{"start":{"line":119,"column":11},"end":{"line":null,"column":null}},"356":{"start":{"line":121,"column":11},"end":{"line":null,"column":null}},"357":{"start":{"line":126,"column":8},"end":{"line":null,"column":null}},"358":{"start":{"line":127,"column":8},"end":{"line":null,"column":null}},"359":{"start":{"line":128,"column":7},"end":{"line":null,"column":null}},"360":{"start":{"line":129,"column":11},"end":{"line":null,"column":null}},"361":{"start":{"line":130,"column":18},"end":{"line":null,"column":null}},"362":{"start":{"line":133,"column":8},"end":{"line":null,"column":null}},"363":{"start":{"line":134,"column":6},"end":{"line":null,"column":null}},"364":{"start":{"line":135,"column":11},"end":{"line":null,"column":null}},"365":{"start":{"line":136,"column":18},"end":{"line":null,"column":null}},"366":{"start":{"line":139,"column":8},"end":{"line":null,"column":null}},"367":{"start":{"line":140,"column":6},"end":{"line":null,"column":null}},"368":{"start":{"line":141,"column":11},"end":{"line":null,"column":null}},"369":{"start":{"line":142,"column":18},"end":{"line":null,"column":null}},"370":{"start":{"line":144,"column":11},"end":{"line":null,"column":null}},"371":{"start":{"line":148,"column":11},"end":{"line":null,"column":null}},"373":{"start":{"line":8,"column":21},"end":{"line":null,"column":null}},"374":{"start":{"line":153,"column":6},"end":{"line":null,"column":null}},"376":{"start":{"line":155,"column":9},"end":{"line":null,"column":null}},"377":{"start":{"line":156,"column":9},"end":{"line":null,"column":null}}},"fnMap":{"4":{"name":"(anonymous_4)","line":1,"loc":{"start":{"line":1,"column":0},"end":{"line":1,"column":0}}},"5":{"name":"defineProperties","line":1,"loc":{"start":{"line":1,"column":0},"end":{"line":1,"column":0}}},"6":{"name":"(anonymous_6)","line":1,"loc":{"start":{"line":1,"column":0},"end":{"line":1,"column":0}}},"12":{"name":"InvertedIndex","line":9,"loc":{"start":{"line":9,"column":16},"end":{"line":9,"column":16}}},"17":{"name":"(anonymous_17)","line":35,"loc":{"start":{"line":35,"column":30},"end":{"line":null,"column":null}}},"18":{"name":"createIndex","line":53,"loc":{"start":{"line":53,"column":14},"end":{"line":53,"column":26}}},"21":{"name":"(anonymous_21)","line":62,"loc":{"start":{"line":62,"column":33},"end":{"line":62,"column":43}}},"24":{"name":"(anonymous_24)","line":77,"loc":{"start":{"line":77,"column":45},"end":{"line":null,"column":null}}},"25":{"name":"searchIndex","line":85,"loc":{"start":{"line":85,"column":14},"end":{"line":85,"column":50}}},"27":{"name":"(anonymous_27)","line":103,"loc":{"start":{"line":103,"column":47},"end":{"line":103,"column":64}}},"28":{"name":"validateFileContent","line":125,"loc":{"start":{"line":125,"column":22},"end":{"line":125,"column":28}}},"29":{"name":"(anonymous_29)","line":127,"loc":{"start":{"line":127,"column":37},"end":{"line":null,"column":null}}},"30":{"name":"(anonymous_30)","line":133,"loc":{"start":{"line":133,"column":32},"end":{"line":null,"column":null}}},"31":{"name":"(anonymous_31)","line":139,"loc":{"start":{"line":139,"column":32},"end":{"line":null,"column":null}}},"32":{"name":"sanitizeData","line":147,"loc":{"start":{"line":147,"column":22},"end":{"line":147,"column":28}}},"33":{"name":"DataError","line":154,"loc":{"start":{"line":154,"column":2},"end":{"line":154,"column":29}}}},"branchMap":{"8":{"line":1,"type":"binary-expr","locations":[{"start":{"line":1,"column":0},"end":{"line":1,"column":0}},{"start":{"line":1,"column":0},"end":{"line":1,"column":0}}]},"9":{"line":1,"type":"if","locations":[{"start":{"line":1,"column":0},"end":{"line":1,"column":0}},{"start":{"line":1,"column":0},"end":{"line":1,"column":0}}]},"10":{"line":1,"type":"if","locations":[{"start":{"line":1,"column":0},"end":{"line":1,"column":0}},{"start":{"line":1,"column":0},"end":{"line":1,"column":0}}]},"11":{"line":1,"type":"if","locations":[{"start":{"line":1,"column":0},"end":{"line":1,"column":0}},{"start":{"line":1,"column":0},"end":{"line":1,"column":0}}]},"31":{"line":56,"type":"if","locations":[{"start":{"line":56,"column":10},"end":{"line":56,"column":10}},{"start":{"line":56,"column":10},"end":{"line":56,"column":10}}]},"32":{"line":63,"type":"if","locations":[{"start":{"line":63,"column":16},"end":{"line":63,"column":16}},{"start":{"line":63,"column":16},"end":{"line":63,"column":16}}]},"48":{"line":89,"type":"if","locations":[{"start":{"line":89,"column":8},"end":{"line":89,"column":8}},{"start":{"line":89,"column":8},"end":{"line":89,"column":8}}]},"49":{"line":95,"type":"if","locations":[{"start":{"line":95,"column":12},"end":{"line":95,"column":12}},{"start":{"line":95,"column":12},"end":{"line":95,"column":12}}]},"53":{"line":105,"type":"if","locations":[{"start":{"line":105,"column":12},"end":{"line":105,"column":12}},{"start":{"line":105,"column":12},"end":{"line":105,"column":12}}]},"54":{"line":108,"type":"if","locations":[{"start":{"line":108,"column":12},"end":{"line":108,"column":12}},{"start":{"line":108,"column":12},"end":{"line":108,"column":12}}]},"55":{"line":111,"type":"if","locations":[{"start":{"line":111,"column":12},"end":{"line":111,"column":12}},{"start":{"line":111,"column":12},"end":{"line":111,"column":12}}]},"59":{"line":118,"type":"if","locations":[{"start":{"line":118,"column":8},"end":{"line":118,"column":8}},{"start":{"line":118,"column":8},"end":{"line":118,"column":8}}]},"60":{"line":127,"type":"if","locations":[{"start":{"line":127,"column":8},"end":{"line":127,"column":8}},{"start":{"line":127,"column":8},"end":{"line":127,"column":8}}]},"61":{"line":127,"type":"binary-expr","locations":[{"start":{"line":127,"column":8},"end":{"line":127,"column":8}},{"start":{"line":127,"column":27},"end":{"line":127,"column":4}}]},"62":{"line":128,"type":"binary-expr","locations":[{"start":{"line":128,"column":7},"end":{"line":128,"column":6}},{"start":{"line":128,"column":40},"end":{"line":127,"column":37}}]},"63":{"line":133,"type":"if","locations":[{"start":{"line":133,"column":8},"end":{"line":133,"column":8}},{"start":{"line":133,"column":8},"end":{"line":133,"column":8}}]},"64":{"line":133,"type":"binary-expr","locations":[{"start":{"line":133,"column":8},"end":{"line":133,"column":8}},{"start":{"line":133,"column":22},"end":{"line":133,"column":8}},{"start":{"line":134,"column":51},"end":{"line":133,"column":4}}]},"65":{"line":139,"type":"if","locations":[{"start":{"line":139,"column":8},"end":{"line":139,"column":8}},{"start":{"line":139,"column":8},"end":{"line":139,"column":8}}]},"66":{"line":139,"type":"binary-expr","locations":[{"start":{"line":139,"column":8},"end":{"line":139,"column":8}},{"start":{"line":139,"column":22},"end":{"line":139,"column":4}}]},"67":{"line":140,"type":"binary-expr","locations":[{"start":{"line":140,"column":6},"end":{"line":140,"column":6}},{"start":{"line":140,"column":31},"end":{"line":139,"column":32}}]}}}}
