TN:
SF:C:\Users\Vickie\Documents\WebDev\Andela21\inverted-index-api\dist\inverted-index.js
FN:7,(anonymous_1)
FN:7,sliceIterator
FN:7,(anonymous_3)
FN:9,(anonymous_4)
FN:9,defineProperties
FN:9,(anonymous_6)
FN:22,_interopRequireDefault
FN:24,_defineProperty
FN:26,_toArray
FN:28,_classCallCheck
FN:39,(anonymous_11)
FN:41,InvertedIndex
FN:53,readBookData
FN:59,readBookData$
FN:146,readBookDataApiMulter
FN:152,readBookDataApiMulter$
FN:158,(anonymous_17)
FN:241,createIndex
FN:254,(anonymous_19)
FN:261,_loop
FN:270,(anonymous_21)
FN:321,takeInSearchQuery
FN:327,takeInSearchQuery$
FN:331,(anonymous_24)
FN:450,searchIndex
FN:494,_loop2
FN:499,(anonymous_27)
FN:544,validateFileContent
FN:546,(anonymous_29)
FN:554,(anonymous_30)
FN:561,(anonymous_31)
FN:571,sanitizeData
FN:581,DataError
FNF:33
FNH:29
FNDA:1,(anonymous_1)
FNDA:0,sliceIterator
FNDA:37,(anonymous_3)
FNDA:1,(anonymous_4)
FNDA:2,defineProperties
FNDA:1,(anonymous_6)
FNDA:2,_interopRequireDefault
FNDA:6,_defineProperty
FNDA:14,_toArray
FNDA:16,_classCallCheck
FNDA:1,(anonymous_11)
FNDA:9,InvertedIndex
FNDA:7,readBookData
FNDA:43,readBookData$
FNDA:0,readBookDataApiMulter
FNDA:0,readBookDataApiMulter$
FNDA:0,(anonymous_17)
FNDA:6,createIndex
FNDA:14,(anonymous_19)
FNDA:27,_loop
FNDA:469,(anonymous_21)
FNDA:7,takeInSearchQuery
FNDA:48,takeInSearchQuery$
FNDA:9,(anonymous_24)
FNDA:3,searchIndex
FNDA:5,_loop2
FNDA:10,(anonymous_27)
FNDA:18,validateFileContent
FNDA:31,(anonymous_29)
FNDA:30,(anonymous_30)
FNDA:28,(anonymous_31)
FNDA:66,sanitizeData
FNDA:7,DataError
DA:3,1
DA:7,37
DA:9,7
DA:12,1
DA:14,1
DA:16,1
DA:18,1
DA:20,1
DA:22,2
DA:24,6
DA:26,14
DA:28,16
DA:33,1
DA:36,1
DA:37,1
DA:39,1
DA:41,1
DA:42,9
DA:44,9
DA:45,9
DA:46,9
DA:47,9
DA:48,9
DA:51,1
DA:54,7
DA:57,7
DA:59,7
DA:60,43
DA:61,105
DA:63,7
DA:64,7
DA:65,7
DA:66,7
DA:67,7
DA:70,29
DA:71,7
DA:75,22
DA:77,22
DA:78,22
DA:79,22
DA:81,22
DA:82,19
DA:83,19
DA:89,19
DA:93,3
DA:94,3
DA:96,3
DA:99,22
DA:100,22
DA:104,7
DA:108,0
DA:109,0
DA:110,0
DA:111,0
DA:114,7
DA:115,7
DA:117,7
DA:118,0
DA:122,7
DA:124,7
DA:125,7
DA:129,0
DA:132,7
DA:135,7
DA:139,7
DA:147,0
DA:150,0
DA:152,0
DA:153,0
DA:154,0
DA:156,0
DA:158,0
DA:159,0
DA:161,0
DA:162,0
DA:163,0
DA:164,0
DA:165,0
DA:168,0
DA:169,0
DA:173,0
DA:174,0
DA:176,0
DA:177,0
DA:178,0
DA:184,0
DA:188,0
DA:189,0
DA:191,0
DA:194,0
DA:195,0
DA:199,0
DA:203,0
DA:204,0
DA:205,0
DA:206,0
DA:209,0
DA:210,0
DA:212,0
DA:213,0
DA:217,0
DA:219,0
DA:220,0
DA:224,0
DA:227,0
DA:230,0
DA:234,0
DA:242,6
DA:244,6
DA:245,6
DA:246,6
DA:247,6
DA:249,6
DA:250,6
DA:251,18
DA:253,18
DA:254,14
DA:255,14
DA:256,14
DA:257,14
DA:258,14
DA:260,14
DA:261,14
DA:262,27
DA:263,27
DA:264,27
DA:265,27
DA:267,27
DA:268,27
DA:269,27
DA:270,27
DA:271,469
DA:272,219
DA:274,250
DA:279,14
DA:280,27
DA:285,0
DA:286,0
DA:288,14
DA:289,14
DA:290,0
DA:293,14
DA:294,0
DA:299,14
DA:302,18
DA:305,0
DA:306,0
DA:308,6
DA:309,6
DA:310,0
DA:313,6
DA:314,0
DA:322,7
DA:325,5
DA:327,5
DA:328,48
DA:329,120
DA:331,3
DA:332,9
DA:334,3
DA:335,3
DA:336,3
DA:337,3
DA:338,3
DA:341,15
DA:342,3
DA:346,12
DA:347,12
DA:348,12
DA:349,12
DA:350,12
DA:351,12
DA:354,27
DA:355,12
DA:359,15
DA:360,15
DA:361,15
DA:364,15
DA:365,15
DA:369,12
DA:373,0
DA:374,0
DA:375,0
DA:376,0
DA:379,12
DA:380,12
DA:382,12
DA:383,0
DA:387,12
DA:389,12
DA:390,12
DA:394,0
DA:397,12
DA:400,12
DA:403,12
DA:404,12
DA:408,3
DA:412,0
DA:413,0
DA:414,0
DA:415,0
DA:418,3
DA:419,3
DA:421,3
DA:422,0
DA:426,3
DA:428,3
DA:429,3
DA:433,0
DA:436,3
DA:439,3
DA:443,3
DA:451,3
DA:454,3
DA:455,3
DA:456,3
DA:457,2
DA:458,2
DA:460,1
DA:461,1
DA:462,1
DA:463,1
DA:465,1
DA:466,1
DA:467,2
DA:469,2
DA:470,2
DA:474,0
DA:475,0
DA:477,1
DA:478,1
DA:479,0
DA:482,1
DA:483,0
DA:488,3
DA:489,1
DA:490,1
DA:491,1
DA:493,1
DA:494,1
DA:495,5
DA:497,5
DA:499,5
DA:500,10
DA:504,10
DA:507,4
DA:508,4
DA:510,4
DA:511,2
DA:513,2
DA:518,1
DA:522,0
DA:523,0
DA:525,1
DA:526,1
DA:527,0
DA:530,1
DA:531,0
DA:536,1
DA:537,0
DA:539,1
DA:545,18
DA:546,18
DA:547,31
DA:549,1
DA:551,1
DA:554,18
DA:555,30
DA:557,2
DA:558,2
DA:561,18
DA:562,28
DA:564,1
DA:565,1
DA:567,18
DA:572,66
DA:576,1
DA:579,1
DA:581,1
DA:582,7
DA:584,7
DA:585,7
DA:591,1
DA:593,1
DA:594,1
DA:596,1
DA:600,1
DA:601,1
LF:288
LH:211
BRDA:7,1,0,0
BRDA:7,1,1,0
BRDA:7,2,0,0
BRDA:7,2,1,0
BRDA:7,3,0,0
BRDA:7,3,1,0
BRDA:7,4,0,0
BRDA:7,4,1,0
BRDA:7,5,0,0
BRDA:7,5,1,0
BRDA:7,6,0,37
BRDA:7,6,1,0
BRDA:7,7,0,0
BRDA:7,7,1,0
BRDA:9,8,0,7
BRDA:9,8,1,7
BRDA:9,9,0,7
BRDA:9,9,1,0
BRDA:9,10,0,1
BRDA:9,10,1,0
BRDA:9,11,0,1
BRDA:9,11,1,0
BRDA:22,12,0,0
BRDA:22,12,1,2
BRDA:22,13,0,2
BRDA:22,13,1,2
BRDA:24,14,0,0
BRDA:24,14,1,6
BRDA:26,15,0,12
BRDA:26,15,1,2
BRDA:28,16,0,0
BRDA:28,16,1,16
BRDA:62,17,0,7
BRDA:62,17,1,29
BRDA:62,17,2,19
BRDA:62,17,3,3
BRDA:62,17,4,22
BRDA:62,17,5,7
BRDA:62,17,6,0
BRDA:62,17,7,7
BRDA:62,17,8,7
BRDA:62,17,9,7
BRDA:62,17,10,7
BRDA:62,17,11,7
BRDA:62,17,12,7
BRDA:70,18,0,7
BRDA:70,18,1,22
BRDA:117,19,0,0
BRDA:117,19,1,7
BRDA:117,20,0,7
BRDA:117,20,1,0
BRDA:124,21,0,7
BRDA:124,21,1,0
BRDA:155,22,0,0
BRDA:155,22,1,0
BRDA:155,22,2,0
BRDA:155,22,3,0
BRDA:155,22,4,0
BRDA:155,22,5,0
BRDA:155,22,6,0
BRDA:155,22,7,0
BRDA:155,22,8,0
BRDA:155,22,9,0
BRDA:155,22,10,0
BRDA:155,22,11,0
BRDA:155,22,12,0
BRDA:168,23,0,0
BRDA:168,23,1,0
BRDA:212,24,0,0
BRDA:212,24,1,0
BRDA:212,25,0,0
BRDA:212,25,1,0
BRDA:219,26,0,0
BRDA:219,26,1,0
BRDA:253,27,0,14
BRDA:253,27,1,4
BRDA:271,28,0,219
BRDA:271,28,1,250
BRDA:289,29,0,0
BRDA:289,29,1,14
BRDA:289,30,0,14
BRDA:289,30,1,0
BRDA:293,31,0,0
BRDA:293,31,1,14
BRDA:309,32,0,0
BRDA:309,32,1,6
BRDA:309,33,0,6
BRDA:309,33,1,0
BRDA:313,34,0,0
BRDA:313,34,1,6
BRDA:330,35,0,3
BRDA:330,35,1,15
BRDA:330,35,2,27
BRDA:330,35,3,15
BRDA:330,35,4,12
BRDA:330,35,5,0
BRDA:330,35,6,12
BRDA:330,35,7,12
BRDA:330,35,8,12
BRDA:330,35,9,12
BRDA:330,35,10,12
BRDA:330,35,11,3
BRDA:330,35,12,0
BRDA:330,35,13,3
BRDA:330,35,14,3
BRDA:330,35,15,3
BRDA:330,35,16,3
BRDA:330,35,17,3
BRDA:330,35,18,3
BRDA:341,36,0,3
BRDA:341,36,1,12
BRDA:354,37,0,12
BRDA:354,37,1,15
BRDA:382,38,0,0
BRDA:382,38,1,12
BRDA:382,39,0,12
BRDA:382,39,1,0
BRDA:389,40,0,12
BRDA:389,40,1,0
BRDA:421,41,0,0
BRDA:421,41,1,3
BRDA:421,42,0,3
BRDA:421,42,1,0
BRDA:428,43,0,3
BRDA:428,43,1,0
BRDA:456,44,0,2
BRDA:456,44,1,1
BRDA:469,45,0,2
BRDA:469,45,1,0
BRDA:478,46,0,0
BRDA:478,46,1,1
BRDA:478,47,0,1
BRDA:478,47,1,0
BRDA:482,48,0,0
BRDA:482,48,1,1
BRDA:504,49,0,6
BRDA:504,49,1,4
BRDA:507,50,0,4
BRDA:507,50,1,0
BRDA:510,51,0,2
BRDA:510,51,1,2
BRDA:526,52,0,0
BRDA:526,52,1,1
BRDA:526,53,0,1
BRDA:526,53,1,0
BRDA:530,54,0,0
BRDA:530,54,1,1
BRDA:536,55,0,0
BRDA:536,55,1,1
BRDA:546,56,0,1
BRDA:546,56,1,17
BRDA:546,57,0,18
BRDA:546,57,1,18
BRDA:547,58,0,31
BRDA:547,58,1,1
BRDA:554,59,0,2
BRDA:554,59,1,16
BRDA:554,60,0,18
BRDA:554,60,1,17
BRDA:554,60,2,2
BRDA:561,61,0,1
BRDA:561,61,1,17
BRDA:561,62,0,18
BRDA:561,62,1,15
BRDA:562,63,0,28
BRDA:562,63,1,27
BRF:166
BRH:99
end_of_record
