TN:
SF:C:\Users\Vickie\Documents\WebDev\Andela21\inverted-index-api\src\inverted-index.js
FN:1,(anonymous_4)
FN:1,defineProperties
FN:1,(anonymous_6)
FN:9,InvertedIndex
FN:35,(anonymous_17)
FN:53,createIndex
FN:62,(anonymous_21)
FN:77,(anonymous_24)
FN:85,searchIndex
FN:103,(anonymous_27)
FN:125,validateFileContent
FN:127,(anonymous_29)
FN:133,(anonymous_30)
FN:139,(anonymous_31)
FN:147,sanitizeData
FN:154,DataError
FNF:16
FNH:14
FNDA:1,(anonymous_4)
FNDA:2,defineProperties
FNDA:1,(anonymous_6)
FNDA:8,InvertedIndex
FNDA:0,(anonymous_17)
FNDA:5,createIndex
FNDA:365,(anonymous_21)
FNDA:6,(anonymous_24)
FNDA:2,searchIndex
FNDA:0,(anonymous_27)
FNDA:15,validateFileContent
FNDA:25,(anonymous_29)
FNDA:24,(anonymous_30)
FNDA:22,(anonymous_31)
FNDA:50,sanitizeData
FNDA:7,DataError
DA:1,7
DA:2,1
DA:3,1
DA:5,1
DA:8,1
DA:9,1
DA:10,8
DA:11,8
DA:12,8
DA:13,8
DA:14,8
DA:18,19
DA:19,19
DA:20,19
DA:22,19
DA:23,16
DA:28,3
DA:35,0
DA:37,0
DA:38,0
DA:39,0
DA:41,0
DA:42,0
DA:47,0
DA:54,5
DA:55,15
DA:56,15
DA:57,11
DA:58,11
DA:59,21
DA:60,21
DA:61,21
DA:62,21
DA:63,365
DA:64,168
DA:66,197
DA:70,11
DA:72,15
DA:77,6
DA:78,2
DA:79,8
DA:80,10
DA:86,2
DA:87,2
DA:88,2
DA:89,2
DA:90,2
DA:91,2
DA:93,0
DA:94,0
DA:95,0
DA:96,0
DA:100,2
DA:101,0
DA:102,0
DA:103,0
DA:104,0
DA:105,0
DA:108,0
DA:109,0
DA:111,0
DA:112,0
DA:114,0
DA:118,0
DA:119,0
DA:121,0
DA:126,15
DA:127,15
DA:128,25
DA:129,1
DA:130,1
DA:133,15
DA:134,24
DA:135,2
DA:136,2
DA:139,15
DA:140,22
DA:141,1
DA:142,1
DA:144,15
DA:148,50
DA:153,1
DA:155,7
DA:156,7
LF:84
LH:60
BRDA:1,8,0,7
BRDA:1,8,1,7
BRDA:1,9,0,7
BRDA:1,9,1,0
BRDA:1,10,0,1
BRDA:1,10,1,0
BRDA:1,11,0,1
BRDA:1,11,1,0
BRDA:56,31,0,11
BRDA:56,31,1,4
BRDA:63,32,0,168
BRDA:63,32,1,197
BRDA:89,48,0,2
BRDA:89,48,1,0
BRDA:95,49,0,0
BRDA:95,49,1,0
BRDA:105,53,0,0
BRDA:105,53,1,0
BRDA:108,54,0,0
BRDA:108,54,1,0
BRDA:111,55,0,0
BRDA:111,55,1,0
BRDA:118,59,0,0
BRDA:118,59,1,0
BRDA:127,60,0,1
BRDA:127,60,1,14
BRDA:127,61,0,15
BRDA:127,61,1,15
BRDA:128,62,0,25
BRDA:128,62,1,1
BRDA:133,63,0,2
BRDA:133,63,1,13
BRDA:133,64,0,15
BRDA:133,64,1,14
BRDA:133,64,2,2
BRDA:139,65,0,1
BRDA:139,65,1,14
BRDA:139,66,0,15
BRDA:139,66,1,12
BRDA:140,67,0,22
BRDA:140,67,1,21
BRF:41
BRH:27
end_of_record
